#
# There is insufficient memory for the Java Runtime Environment to continue.
# Native memory allocation (malloc) failed to allocate 1703216 bytes. Error detail: Chunk::new
# Possible reasons:
#   The system is out of physical RAM or swap space
#   This process is running with CompressedOops enabled, and the Java Heap may be blocking the growth of the native heap
# Possible solutions:
#   Reduce memory load on the system
#   Increase physical memory or swap space
#   Check if swap backing store is full
#   Decrease Java heap size (-Xmx/-Xms)
#   Decrease number of Java threads
#   Decrease Java thread stack sizes (-Xss)
#   Set larger code cache with -XX:ReservedCodeCacheSize=
#   JVM is running with Unscaled Compressed Oops mode in which the Java heap is
#     placed in the first 4GB address space. The Java Heap base address is the
#     maximum limit for the native heap growth. Please use -XX:HeapBaseMinAddress
#     to set the Java Heap base and to place the Java Heap above 4GB virtual address.
# This output file may be truncated or incomplete.
#
#  Out of Memory Error (arena.cpp:149), pid=20196, tid=16744
#
# JRE version: OpenJDK Runtime Environment Temurin-23.0.1+11 (23.0.1+11) (build 23.0.1+11)
# Java VM: OpenJDK 64-Bit Server VM Temurin-23.0.1+11 (23.0.1+11, mixed mode, sharing, tiered, compressed oops, compressed class ptrs, g1 gc, windows-amd64)
# No core dump will be written. Minidumps are not enabled by default on client versions of Windows
#

---------------  S U M M A R Y ------------

Command Line: -ea -Dfile.encoding=UTF-8 -Dstdout.encoding=UTF-8 -Dstderr.encoding=UTF-8 -XX:+ShowCodeDetailsInExceptionMessages org.testng.remote.RemoteTestNG -serport 63040 -protocol json -d C:\submit\Framework\test-output C:\submit\Framework\testng.xml

Host: Intel(R) Core(TM) i5-8300H CPU @ 2.30GHz, 8 cores, 7G,  Windows 11 , 64 bit Build 26100 (10.0.26100.4768)
Time: Mon Aug 18 16:38:27 2025 India Standard Time elapsed time: 7.534860 seconds (0d 0h 0m 7s)

---------------  T H R E A D  ---------------

Current thread (0x0000012a45026f20):  JavaThread "C2 CompilerThread0" daemon [_thread_in_native, id=16744, stack(0x000000030bd00000,0x000000030be00000) (1024K)]


Current CompileTask:
C2:7535 3252   !   4       jdk.internal.loader.BuiltinClassLoader::loadClassOrNull (143 bytes)

Stack: [0x000000030bd00000,0x000000030be00000]
Native frames: (J=compiled Java code, j=interpreted, Vv=VM code, C=native code)
V  [jvm.dll+0x6e8c79]  (no source info available)
V  [jvm.dll+0x8d9253]  (no source info available)
V  [jvm.dll+0x8db6de]  (no source info available)
V  [jvm.dll+0x8dbdb3]  (no source info available)
V  [jvm.dll+0x281aa6]  (no source info available)
V  [jvm.dll+0xbbb0f]  (no source info available)
V  [jvm.dll+0xbbd6b]  (no source info available)
V  [jvm.dll+0x3b9e92]  (no source info available)
V  [jvm.dll+0x3905eb]  (no source info available)
V  [jvm.dll+0x38fa4a]  (no source info available)
V  [jvm.dll+0x24ace1]  (no source info available)
V  [jvm.dll+0x24a03f]  (no source info available)
V  [jvm.dll+0x1c8ea0]  (no source info available)
V  [jvm.dll+0x25a13e]  (no source info available)
V  [jvm.dll+0x25840a]  (no source info available)
V  [jvm.dll+0x3f4706]  (no source info available)
V  [jvm.dll+0x8802ab]  (no source info available)
V  [jvm.dll+0x6e7485]  (no source info available)
C  [ucrtbase.dll+0x37b0]  (no source info available)
C  [KERNEL32.DLL+0x2e8d7]  (no source info available)
C  [ntdll.dll+0x3c34c]  (no source info available)

Lock stack of current Java thread (top to bottom):


---------------  P R O C E S S  ---------------

Threads class SMR info:
_java_thread_list=0x0000012a4714e3f0, length=22, elements={
0x0000012a4c6eb6b0, 0x0000012a45010080, 0x0000012a450106f0, 0x0000012a45011ac0,
0x0000012a45014530, 0x0000012a45014f90, 0x0000012a45022b60, 0x0000012a45026f20,
0x0000012a45029d80, 0x0000012a451693b0, 0x0000012a4516edb0, 0x0000012a4595a800,
0x0000012a4693db90, 0x0000012a4693fc60, 0x0000012a4693ef40, 0x0000012a4693e220,
0x0000012a4693e8b0, 0x0000012a4693f5d0, 0x0000012a469402f0, 0x0000012a470bada0,
0x0000012a470bb430, 0x0000012a47850020
}

Java Threads: ( => current thread )
  0x0000012a4c6eb6b0 JavaThread "main"                              [_thread_blocked, id=21516, stack(0x000000030af00000,0x000000030b000000) (1024K)]
  0x0000012a45010080 JavaThread "Reference Handler"          daemon [_thread_blocked, id=3604, stack(0x000000030b700000,0x000000030b800000) (1024K)]
  0x0000012a450106f0 JavaThread "Finalizer"                  daemon [_thread_blocked, id=11040, stack(0x000000030b800000,0x000000030b900000) (1024K)]
  0x0000012a45011ac0 JavaThread "Signal Dispatcher"          daemon [_thread_blocked, id=18400, stack(0x000000030b900000,0x000000030ba00000) (1024K)]
  0x0000012a45014530 JavaThread "Attach Listener"            daemon [_thread_blocked, id=25016, stack(0x000000030ba00000,0x000000030bb00000) (1024K)]
  0x0000012a45014f90 JavaThread "Service Thread"             daemon [_thread_blocked, id=6420, stack(0x000000030bb00000,0x000000030bc00000) (1024K)]
  0x0000012a45022b60 JavaThread "Monitor Deflation Thread"   daemon [_thread_blocked, id=8676, stack(0x000000030bc00000,0x000000030bd00000) (1024K)]
=>0x0000012a45026f20 JavaThread "C2 CompilerThread0"         daemon [_thread_in_native, id=16744, stack(0x000000030bd00000,0x000000030be00000) (1024K)]
  0x0000012a45029d80 JavaThread "C1 CompilerThread0"         daemon [_thread_blocked, id=8220, stack(0x000000030be00000,0x000000030bf00000) (1024K)]
  0x0000012a451693b0 JavaThread "Notification Thread"        daemon [_thread_blocked, id=23376, stack(0x000000030bf00000,0x000000030c000000) (1024K)]
  0x0000012a4516edb0 JavaThread "Common-Cleaner"             daemon [_thread_blocked, id=16836, stack(0x000000030c000000,0x000000030c100000) (1024K)]
  0x0000012a4595a800 JavaThread "ReaderThread"                      [_thread_in_native, id=25396, stack(0x000000030c400000,0x000000030c500000) (1024K)]
  0x0000012a4693db90 JavaThread "Forwarding get on session 04df2e4b-1007-48c4-8719-cad49b03dd27 to remote"        [_thread_blocked, id=15396, stack(0x000000030cc00000,0x000000030cd00000) (1024K)]
  0x0000012a4693fc60 JavaThread "ForkJoinPool.commonPool-worker-1" daemon [_thread_blocked, id=4968, stack(0x000000030c100000,0x000000030c200000) (1024K)]
  0x0000012a4693ef40 JavaThread "HttpClient-1-SelectorManager" daemon [_thread_in_native, id=18248, stack(0x000000030c200000,0x000000030c300000) (1024K)]
  0x0000012a4693e220 JavaThread "External Process Output Forwarder - C:\Users\subra\.cache\selenium\geckodriver\win64\0.36.0\geckodriver.exe" daemon [_thread_in_native, id=21224, stack(0x000000030ce00000,0x000000030cf00000) (1024K)]
  0x0000012a4693e8b0 JavaThread "Driver Service Executor"    daemon [_thread_blocked, id=8176, stack(0x000000030cf00000,0x000000030d000000) (1024K)]
  0x0000012a4693f5d0 JavaThread "Driver Service Executor"    daemon [_thread_in_native, id=24584, stack(0x000000030d000000,0x000000030d100000) (1024K)]
  0x0000012a469402f0 JavaThread "JdkHttpClient-0-0"          daemon [_thread_blocked, id=5880, stack(0x000000030d200000,0x000000030d300000) (1024K)]
  0x0000012a470bada0 JavaThread "JdkHttpClient-0-1"          daemon [_thread_blocked, id=15324, stack(0x000000030d300000,0x000000030d400000) (1024K)]
  0x0000012a470bb430 JavaThread "JdkHttpClient-0-2"          daemon [_thread_blocked, id=25000, stack(0x000000030d100000,0x000000030d200000) (1024K)]
  0x0000012a47850020 JavaThread "C2 CompilerThread1"         daemon [_thread_blocked, id=17400, stack(0x000000030d400000,0x000000030d500000) (1024K)]
Total: 22

Other Threads:
  0x0000012a66563b50 VMThread "VM Thread"                           [id=20940, stack(0x000000030b600000,0x000000030b700000) (1024K)]
  0x0000012a66553990 WatcherThread "VM Periodic Task Thread"        [id=24540, stack(0x000000030b500000,0x000000030b600000) (1024K)]
  0x0000012a4eac2eb0 WorkerThread "GC Thread#0"                     [id=20736, stack(0x000000030b000000,0x000000030b100000) (1024K)]
  0x0000012a46356480 WorkerThread "GC Thread#1"                     [id=14424, stack(0x000000030c500000,0x000000030c600000) (1024K)]
  0x0000012a465d58b0 WorkerThread "GC Thread#2"                     [id=13084, stack(0x000000030c600000,0x000000030c700000) (1024K)]
  0x0000012a465d5c60 WorkerThread "GC Thread#3"                     [id=3692, stack(0x000000030c700000,0x000000030c800000) (1024K)]
  0x0000012a46662870 WorkerThread "GC Thread#4"                     [id=21760, stack(0x000000030c800000,0x000000030c900000) (1024K)]
  0x0000012a464d3c30 WorkerThread "GC Thread#5"                     [id=24788, stack(0x000000030c900000,0x000000030ca00000) (1024K)]
  0x0000012a464d3880 WorkerThread "GC Thread#6"                     [id=7336, stack(0x000000030ca00000,0x000000030cb00000) (1024K)]
  0x0000012a464d4740 WorkerThread "GC Thread#7"                     [id=17376, stack(0x000000030cb00000,0x000000030cc00000) (1024K)]
  0x0000012a4eb16320 ConcurrentGCThread "G1 Main Marker"            [id=13568, stack(0x000000030b100000,0x000000030b200000) (1024K)]
  0x0000012a4eb17bf0 WorkerThread "G1 Conc#0"                       [id=10428, stack(0x000000030b200000,0x000000030b300000) (1024K)]
  0x0000012a467056a0 WorkerThread "G1 Conc#1"                       [id=14388, stack(0x000000030cd00000,0x000000030ce00000) (1024K)]
  0x0000012a664283b0 ConcurrentGCThread "G1 Refine#0"               [id=17628, stack(0x000000030b300000,0x000000030b400000) (1024K)]
  0x0000012a66428ce0 ConcurrentGCThread "G1 Service"                [id=2800, stack(0x000000030b400000,0x000000030b500000) (1024K)]
Total: 15

Threads with active compile tasks:
C2 CompilerThread0  7739 3252   !   4       jdk.internal.loader.BuiltinClassLoader::loadClassOrNull (143 bytes)
Total: 1

VM state: not at safepoint (normal execution)

VM Mutex/Monitor currently owned by a thread: None

Heap address: 0x0000000082600000, size: 2010 MB, Compressed Oops mode: 32-bit

CDS archive(s) mapped at: [0x0000012a00000000-0x0000012a00d70000-0x0000012a00d70000), size 14090240, SharedBaseAddress: 0x0000012a00000000, ArchiveRelocationMode: 1.
Compressed class space mapped at: 0x0000012a01000000-0x0000012a41000000, reserved size: 1073741824
Narrow klass base: 0x0000012a00000000, Narrow klass shift: 0, Narrow klass range: 0x41000000

GC Precious Log:
 CardTable entry size: 512
 Card Set container configuration: InlinePtr #cards 5 size 8 Array Of Cards #cards 10 size 36 Howl #buckets 4 coarsen threshold 1843 Howl Bitmap #cards 512 size 80 coarsen threshold 460 Card regions per heap region 1 cards per card region 2048
 CPUs: 8 total, 8 available
 Memory: 8039M
 Large Page Support: Disabled
 NUMA Support: Disabled
 Compressed Oops: Enabled (32-bit)
 Heap Region Size: 1M
 Heap Min Capacity: 8M
 Heap Initial Capacity: 126M
 Heap Max Capacity: 2010M
 Pre-touch: Disabled
 Parallel Workers: 8
 Concurrent Workers: 2
 Concurrent Refinement Workers: 8
 Periodic GC: Disabled

Heap:
 garbage-first heap   total reserved 2058240K, committed 55296K, used 37052K [0x0000000082600000, 0x0000000100000000)
  region size 1024K, 30 young (30720K), 8 survivors (8192K)
 Metaspace       used 28168K, committed 28544K, reserved 1114112K
  class space    used 3465K, committed 3584K, reserved 1048576K

Heap Regions: E=young(eden), S=young(survivor), O=old, HS=humongous(starts), HC=humongous(continues), CS=collection set, F=free, TAMS=top-at-mark-start, PB=parsable bottom
|   0|0x0000000082600000, 0x0000000082700000, 0x0000000082700000|100%| O|  |TAMS 0x0000000082600000| PB 0x0000000082600000| Untracked |  0
|   1|0x0000000082700000, 0x0000000082800000, 0x0000000082800000|100%| O|  |TAMS 0x0000000082700000| PB 0x0000000082700000| Untracked |  0
|   2|0x0000000082800000, 0x0000000082900000, 0x0000000082900000|100%| O|  |TAMS 0x0000000082800000| PB 0x0000000082800000| Untracked |  0
|   3|0x0000000082900000, 0x0000000082a00000, 0x0000000082a00000|100%| O|  |TAMS 0x0000000082900000| PB 0x0000000082900000| Untracked |  0
|   4|0x0000000082a00000, 0x0000000082b00000, 0x0000000082b00000|100%| O|  |TAMS 0x0000000082a00000| PB 0x0000000082a00000| Untracked |  0
|   5|0x0000000082b00000, 0x0000000082c00000, 0x0000000082c00000|100%| O|Cm|TAMS 0x0000000082b00000| PB 0x0000000082b00000| Complete |  0
|   6|0x0000000082c00000, 0x0000000082d00000, 0x0000000082d00000|100%| O|  |TAMS 0x0000000082c00000| PB 0x0000000082c00000| Untracked |  0
|   7|0x0000000082d00000, 0x0000000082d2f1f0, 0x0000000082e00000| 18%| O|  |TAMS 0x0000000082d00000| PB 0x0000000082d00000| Untracked |  0
|   8|0x0000000082e00000, 0x0000000082e00000, 0x0000000082f00000|  0%| F|  |TAMS 0x0000000082e00000| PB 0x0000000082e00000| Untracked |  0
|   9|0x0000000082f00000, 0x0000000082f00000, 0x0000000083000000|  0%| F|  |TAMS 0x0000000082f00000| PB 0x0000000082f00000| Untracked |  0
|  10|0x0000000083000000, 0x0000000083000000, 0x0000000083100000|  0%| F|  |TAMS 0x0000000083000000| PB 0x0000000083000000| Untracked |  0
|  11|0x0000000083100000, 0x0000000083100000, 0x0000000083200000|  0%| F|  |TAMS 0x0000000083100000| PB 0x0000000083100000| Untracked |  0
|  12|0x0000000083200000, 0x0000000083200000, 0x0000000083300000|  0%| F|  |TAMS 0x0000000083200000| PB 0x0000000083200000| Untracked |  0
|  13|0x0000000083300000, 0x0000000083300000, 0x0000000083400000|  0%| F|  |TAMS 0x0000000083300000| PB 0x0000000083300000| Untracked |  0
|  14|0x0000000083400000, 0x0000000083400000, 0x0000000083500000|  0%| F|  |TAMS 0x0000000083400000| PB 0x0000000083400000| Untracked |  0
|  15|0x0000000083500000, 0x0000000083500000, 0x0000000083600000|  0%| F|  |TAMS 0x0000000083500000| PB 0x0000000083500000| Untracked |  0
|  16|0x0000000083600000, 0x0000000083600000, 0x0000000083700000|  0%| F|  |TAMS 0x0000000083600000| PB 0x0000000083600000| Untracked |  0
|  17|0x0000000083700000, 0x0000000083700000, 0x0000000083800000|  0%| F|  |TAMS 0x0000000083700000| PB 0x0000000083700000| Untracked |  0
|  18|0x0000000083800000, 0x0000000083800000, 0x0000000083900000|  0%| F|  |TAMS 0x0000000083800000| PB 0x0000000083800000| Untracked |  0
|  19|0x0000000083900000, 0x0000000083900000, 0x0000000083a00000|  0%| F|  |TAMS 0x0000000083900000| PB 0x0000000083900000| Untracked |  0
|  20|0x0000000083a00000, 0x0000000083a00000, 0x0000000083b00000|  0%| F|  |TAMS 0x0000000083a00000| PB 0x0000000083a00000| Untracked |  0
|  21|0x0000000083b00000, 0x0000000083b00000, 0x0000000083c00000|  0%| F|  |TAMS 0x0000000083b00000| PB 0x0000000083b00000| Untracked |  0
|  22|0x0000000083c00000, 0x0000000083c00000, 0x0000000083d00000|  0%| F|  |TAMS 0x0000000083c00000| PB 0x0000000083c00000| Untracked |  0
|  23|0x0000000083d00000, 0x0000000083d00000, 0x0000000083e00000|  0%| F|  |TAMS 0x0000000083d00000| PB 0x0000000083d00000| Untracked |  0
|  24|0x0000000083e00000, 0x0000000083f00000, 0x0000000083f00000|100%| E|  |TAMS 0x0000000083e00000| PB 0x0000000083e00000| Complete |  0
|  25|0x0000000083f00000, 0x0000000084000000, 0x0000000084000000|100%| E|CS|TAMS 0x0000000083f00000| PB 0x0000000083f00000| Complete |  0
|  26|0x0000000084000000, 0x0000000084100000, 0x0000000084100000|100%| E|CS|TAMS 0x0000000084000000| PB 0x0000000084000000| Complete |  0
|  27|0x0000000084100000, 0x0000000084200000, 0x0000000084200000|100%| E|CS|TAMS 0x0000000084100000| PB 0x0000000084100000| Complete |  0
|  28|0x0000000084200000, 0x0000000084300000, 0x0000000084300000|100%| E|CS|TAMS 0x0000000084200000| PB 0x0000000084200000| Complete |  0
|  29|0x0000000084300000, 0x0000000084400000, 0x0000000084400000|100%| E|CS|TAMS 0x0000000084300000| PB 0x0000000084300000| Complete |  0
|  30|0x0000000084400000, 0x0000000084500000, 0x0000000084500000|100%| E|CS|TAMS 0x0000000084400000| PB 0x0000000084400000| Complete |  0
|  31|0x0000000084500000, 0x0000000084600000, 0x0000000084600000|100%| E|CS|TAMS 0x0000000084500000| PB 0x0000000084500000| Complete |  0
|  32|0x0000000084600000, 0x0000000084700000, 0x0000000084700000|100%| E|CS|TAMS 0x0000000084600000| PB 0x0000000084600000| Complete |  0
|  33|0x0000000084700000, 0x0000000084800000, 0x0000000084800000|100%| E|CS|TAMS 0x0000000084700000| PB 0x0000000084700000| Complete |  0
|  34|0x0000000084800000, 0x0000000084900000, 0x0000000084900000|100%| E|CS|TAMS 0x0000000084800000| PB 0x0000000084800000| Complete |  0
|  35|0x0000000084900000, 0x0000000084a00000, 0x0000000084a00000|100%| E|CS|TAMS 0x0000000084900000| PB 0x0000000084900000| Complete |  0
|  36|0x0000000084a00000, 0x0000000084b00000, 0x0000000084b00000|100%| E|CS|TAMS 0x0000000084a00000| PB 0x0000000084a00000| Complete |  0
|  37|0x0000000084b00000, 0x0000000084c00000, 0x0000000084c00000|100%| E|CS|TAMS 0x0000000084b00000| PB 0x0000000084b00000| Complete |  0
|  38|0x0000000084c00000, 0x0000000084d00000, 0x0000000084d00000|100%| E|CS|TAMS 0x0000000084c00000| PB 0x0000000084c00000| Complete |  0
|  39|0x0000000084d00000, 0x0000000084e00000, 0x0000000084e00000|100%| E|CS|TAMS 0x0000000084d00000| PB 0x0000000084d00000| Complete |  0
|  40|0x0000000084e00000, 0x0000000084f00000, 0x0000000084f00000|100%| E|CS|TAMS 0x0000000084e00000| PB 0x0000000084e00000| Complete |  0
|  41|0x0000000084f00000, 0x0000000085000000, 0x0000000085000000|100%| E|CS|TAMS 0x0000000084f00000| PB 0x0000000084f00000| Complete |  0
|  42|0x0000000085000000, 0x0000000085100000, 0x0000000085100000|100%| E|CS|TAMS 0x0000000085000000| PB 0x0000000085000000| Complete |  0
|  43|0x0000000085100000, 0x0000000085200000, 0x0000000085200000|100%| E|CS|TAMS 0x0000000085100000| PB 0x0000000085100000| Complete |  0
|  44|0x0000000085200000, 0x0000000085300000, 0x0000000085300000|100%| E|CS|TAMS 0x0000000085200000| PB 0x0000000085200000| Complete |  0
|  66|0x0000000086800000, 0x0000000086900000, 0x0000000086900000|100%| S|CS|TAMS 0x0000000086800000| PB 0x0000000086800000| Complete |  0
|  67|0x0000000086900000, 0x0000000086a00000, 0x0000000086a00000|100%| S|CS|TAMS 0x0000000086900000| PB 0x0000000086900000| Complete |  0
|  68|0x0000000086a00000, 0x0000000086b00000, 0x0000000086b00000|100%| S|CS|TAMS 0x0000000086a00000| PB 0x0000000086a00000| Complete |  0
|  69|0x0000000086b00000, 0x0000000086c00000, 0x0000000086c00000|100%| S|CS|TAMS 0x0000000086b00000| PB 0x0000000086b00000| Complete |  0
|  70|0x0000000086c00000, 0x0000000086d00000, 0x0000000086d00000|100%| S|CS|TAMS 0x0000000086c00000| PB 0x0000000086c00000| Complete |  0
|  71|0x0000000086d00000, 0x0000000086e00000, 0x0000000086e00000|100%| S|CS|TAMS 0x0000000086d00000| PB 0x0000000086d00000| Complete |  0
|  72|0x0000000086e00000, 0x0000000086f00000, 0x0000000086f00000|100%| S|CS|TAMS 0x0000000086e00000| PB 0x0000000086e00000| Complete |  0
|  73|0x0000000086f00000, 0x0000000087000000, 0x0000000087000000|100%| S|CS|TAMS 0x0000000086f00000| PB 0x0000000086f00000| Complete |  0
| 125|0x000000008a300000, 0x000000008a400000, 0x000000008a400000|100%| E|CS|TAMS 0x000000008a300000| PB 0x000000008a300000| Complete |  0

Card table byte_map: [0x0000012a62020000,0x0000012a62410000] _byte_map_base: 0x0000012a61c0d000

Marking Bits: (CMBitMap*) 0x0000012a4eac34d0
 Bits: [0x0000012a62410000, 0x0000012a64378000)

Polling page: 0x0000012a4c8d0000

Metaspace:

Usage:
  Non-class:     24.12 MB used.
      Class:      3.38 MB used.
       Both:     27.51 MB used.

Virtual space:
  Non-class space:       64.00 MB reserved,      24.38 MB ( 38%) committed,  1 nodes.
      Class space:        1.00 GB reserved,       3.50 MB ( <1%) committed,  1 nodes.
             Both:        1.06 GB reserved,      27.88 MB (  3%) committed. 

Chunk freelists:
   Non-Class:  7.59 MB
       Class:  12.44 MB
        Both:  20.03 MB

MaxMetaspaceSize: unlimited
CompressedClassSpaceSize: 1.00 GB
Initial GC threshold: 21.00 MB
Current GC threshold: 35.25 MB
CDS: on
 - commit_granule_bytes: 65536.
 - commit_granule_words: 8192.
 - virtual_space_node_default_size: 8388608.
 - enlarge_chunks_in_place: 1.
 - use_allocation_guard: 0.


Internal statistics:

num_allocs_failed_limit: 3.
num_arena_births: 398.
num_arena_deaths: 0.
num_vsnodes_births: 2.
num_vsnodes_deaths: 0.
num_space_committed: 446.
num_space_uncommitted: 0.
num_chunks_returned_to_freelist: 3.
num_chunks_taken_from_freelist: 1140.
num_chunk_merges: 0.
num_chunk_splits: 758.
num_chunks_enlarged: 541.
num_inconsistent_stats: 0.

CodeHeap 'non-profiled nmethods': size=120064Kb used=1299Kb max_used=1299Kb free=118764Kb
 bounds [0x0000012a5a3c0000, 0x0000012a5a630000, 0x0000012a61900000]
CodeHeap 'profiled nmethods': size=120000Kb used=5096Kb max_used=5096Kb free=114903Kb
 bounds [0x0000012a52900000, 0x0000012a52e00000, 0x0000012a59e30000]
CodeHeap 'non-nmethods': size=5696Kb used=1585Kb max_used=1632Kb free=4110Kb
 bounds [0x0000012a59e30000, 0x0000012a5a0a0000, 0x0000012a5a3c0000]
CodeCache: size=245760Kb, used=7980Kb, max_used=8027Kb, free=237777Kb
 total_blobs=4133, nmethods=3479, adapters=559, full_count=0
Compilation: enabled, stopped_count=0, restarted_count=0

Compilation events (20 events):
Event: 7.486 Thread 0x0000012a45029d80 nmethod 3467 0x0000012a52deff08 code [0x0000012a52df0700, 0x0000012a52df6380]
Event: 7.486 Thread 0x0000012a45029d80 3472       3       jdk.internal.classfile.impl.AbstractPoolEntry$StringEntryImpl::clone (6 bytes)
Event: 7.486 Thread 0x0000012a45029d80 nmethod 3472 0x0000012a52df6508 code [0x0000012a52df6660, 0x0000012a52df6ab0]
Event: 7.486 Thread 0x0000012a45029d80 3473       3       jdk.internal.classfile.impl.BytecodeHelpers::constantEntry (225 bytes)
Event: 7.486 Thread 0x0000012a47850020 nmethod 3455 0x0000012a5a503608 code [0x0000012a5a503760, 0x0000012a5a503ea8]
Event: 7.486 Thread 0x0000012a47850020 3456       4       jdk.internal.constant.ConstantUtils::skipOverFieldSignature (296 bytes)
Event: 7.487 Thread 0x0000012a45029d80 nmethod 3473 0x0000012a52df6b08 code [0x0000012a52df6e80, 0x0000012a52df9068]
Event: 7.488 Thread 0x0000012a45029d80 3476       3       java.lang.invoke.Invokers$Holder::linkToTargetMethod (10 bytes)
Event: 7.488 Thread 0x0000012a45029d80 nmethod 3476 0x0000012a52df9108 code [0x0000012a52df9240, 0x0000012a52df9540]
Event: 7.488 Thread 0x0000012a45029d80 3477       3       java.lang.invoke.LambdaForm$MH/0x0000012a01008c00::invoke (36 bytes)
Event: 7.488 Thread 0x0000012a45029d80 nmethod 3477 0x0000012a52df9588 code [0x0000012a52df96c0, 0x0000012a52df9ad0]
Event: 7.488 Thread 0x0000012a45029d80 3478       3       java.lang.invoke.DirectMethodHandle$Holder::invokeStatic (20 bytes)
Event: 7.488 Thread 0x0000012a45029d80 nmethod 3478 0x0000012a52df9b08 code [0x0000012a52df9c40, 0x0000012a52dfa028]
Event: 7.488 Thread 0x0000012a45029d80 3480       3       jdk.internal.classfile.impl.AbstractPoolEntry$AbstractMemberRefEntry::writeTo (6 bytes)
Event: 7.488 Thread 0x0000012a45029d80 nmethod 3480 0x0000012a52dfa088 code [0x0000012a52dfa1a0, 0x0000012a52dfa2e0]
Event: 7.494 Thread 0x0000012a47850020 nmethod 3456 0x0000012a5a503f08 code [0x0000012a5a504060, 0x0000012a5a504688]
Event: 7.495 Thread 0x0000012a47850020 3466       4       jdk.internal.classfile.impl.DirectCodeBuilder::with (30 bytes)
Event: 7.497 Thread 0x0000012a47850020 nmethod 3466 0x0000012a5a504708 code [0x0000012a5a504820, 0x0000012a5a504918]
Event: 7.497 Thread 0x0000012a47850020 3479       4       jdk.internal.classfile.impl.RawBytecodeHelper::rawNext (438 bytes)
Event: 7.500 Thread 0x0000012a47850020 nmethod 3479 0x0000012a5a504a08 code [0x0000012a5a504b20, 0x0000012a5a504d60]

GC Heap History (6 events):
Event: 0.688 GC heap before
{Heap before GC invocations=0 (full 0):
 garbage-first heap   total reserved 2058240K, committed 129024K, used 23552K [0x0000000082600000, 0x0000000100000000)
  region size 1024K, 24 young (24576K), 0 survivors (0K)
 Metaspace       used 7723K, committed 7936K, reserved 1114112K
  class space    used 823K, committed 960K, reserved 1048576K
}
Event: 0.693 GC heap after
{Heap after GC invocations=1 (full 0):
 garbage-first heap   total reserved 2058240K, committed 129024K, used 6240K [0x0000000082600000, 0x0000000100000000)
  region size 1024K, 3 young (3072K), 3 survivors (3072K)
 Metaspace       used 7723K, committed 7936K, reserved 1114112K
  class space    used 823K, committed 960K, reserved 1048576K
}
Event: 1.134 GC heap before
{Heap before GC invocations=1 (full 0):
 garbage-first heap   total reserved 2058240K, committed 129024K, used 28768K [0x0000000082600000, 0x0000000100000000)
  region size 1024K, 25 young (25600K), 3 survivors (3072K)
 Metaspace       used 13171K, committed 13376K, reserved 1114112K
  class space    used 1512K, committed 1600K, reserved 1048576K
}
Event: 1.138 GC heap after
{Heap after GC invocations=2 (full 0):
 garbage-first heap   total reserved 2058240K, committed 129024K, used 7420K [0x0000000082600000, 0x0000000100000000)
  region size 1024K, 2 young (2048K), 2 survivors (2048K)
 Metaspace       used 13171K, committed 13376K, reserved 1114112K
  class space    used 1512K, committed 1600K, reserved 1048576K
}
Event: 2.093 GC heap before
{Heap before GC invocations=2 (full 0):
 garbage-first heap   total reserved 2058240K, committed 129024K, used 56572K [0x0000000082600000, 0x0000000100000000)
  region size 1024K, 52 young (53248K), 2 survivors (2048K)
 Metaspace       used 21306K, committed 21504K, reserved 1114112K
  class space    used 2445K, committed 2496K, reserved 1048576K
}
Event: 2.101 GC heap after
{Heap after GC invocations=3 (full 0):
 garbage-first heap   total reserved 2058240K, committed 129024K, used 15548K [0x0000000082600000, 0x0000000100000000)
  region size 1024K, 8 young (8192K), 8 survivors (8192K)
 Metaspace       used 21306K, committed 21504K, reserved 1114112K
  class space    used 2445K, committed 2496K, reserved 1048576K
}

Dll operation events (11 events):
Event: 0.011 Loaded shared library C:\Users\subra\.p2\pool\plugins\org.eclipse.justj.openjdk.hotspot.jre.full.win32.x86_64_23.0.1.v20241024-1700\jre\bin\java.dll
Event: 0.089 Loaded shared library C:\Users\subra\.p2\pool\plugins\org.eclipse.justj.openjdk.hotspot.jre.full.win32.x86_64_23.0.1.v20241024-1700\jre\bin\zip.dll
Event: 0.094 Loaded shared library C:\Users\subra\.p2\pool\plugins\org.eclipse.justj.openjdk.hotspot.jre.full.win32.x86_64_23.0.1.v20241024-1700\jre\bin\net.dll
Event: 0.095 Loaded shared library C:\Users\subra\.p2\pool\plugins\org.eclipse.justj.openjdk.hotspot.jre.full.win32.x86_64_23.0.1.v20241024-1700\jre\bin\nio.dll
Event: 0.099 Loaded shared library C:\Users\subra\.p2\pool\plugins\org.eclipse.justj.openjdk.hotspot.jre.full.win32.x86_64_23.0.1.v20241024-1700\jre\bin\zip.dll
Event: 0.224 Loaded shared library C:\Users\subra\.p2\pool\plugins\org.eclipse.justj.openjdk.hotspot.jre.full.win32.x86_64_23.0.1.v20241024-1700\jre\bin\jimage.dll
Event: 0.343 Loaded shared library C:\Users\subra\.p2\pool\plugins\org.eclipse.justj.openjdk.hotspot.jre.full.win32.x86_64_23.0.1.v20241024-1700\jre\bin\extnet.dll
Event: 0.473 Loaded shared library C:\Users\subra\.p2\pool\plugins\org.eclipse.justj.openjdk.hotspot.jre.full.win32.x86_64_23.0.1.v20241024-1700\jre\bin\verify.dll
Event: 1.895 Loaded shared library C:\Users\subra\.p2\pool\plugins\org.eclipse.justj.openjdk.hotspot.jre.full.win32.x86_64_23.0.1.v20241024-1700\jre\bin\sunmscapi.dll
Event: 7.361 Loaded shared library C:\Users\subra\.p2\pool\plugins\org.eclipse.justj.openjdk.hotspot.jre.full.win32.x86_64_23.0.1.v20241024-1700\jre\bin\management.dll
Event: 7.365 Loaded shared library C:\Users\subra\.p2\pool\plugins\org.eclipse.justj.openjdk.hotspot.jre.full.win32.x86_64_23.0.1.v20241024-1700\jre\bin\management_ext.dll

Deoptimization events (20 events):
Event: 3.649 Thread 0x0000012a4693db90 DEOPT PACKING pc=0x0000012a5a45527c sp=0x000000030ccfd120
Event: 3.649 Thread 0x0000012a4693db90 DEOPT UNPACKING pc=0x0000012a59e84402 sp=0x000000030ccfd0d8 mode 2
Event: 3.710 Thread 0x0000012a4693db90 DEOPT PACKING pc=0x0000012a52be6259 sp=0x000000030ccfc770
Event: 3.710 Thread 0x0000012a4693db90 DEOPT UNPACKING pc=0x0000012a59e84b22 sp=0x000000030ccfbc80 mode 0
Event: 3.723 Thread 0x0000012a4693db90 Uncommon trap: trap_request=0xffffff45 fr.pc=0x0000012a5a45d48c relative=0x000000000000008c
Event: 3.723 Thread 0x0000012a4693db90 Uncommon trap: reason=unstable_if action=reinterpret pc=0x0000012a5a45d48c method=java.lang.CharacterDataLatin1.isWhitespace(I)Z @ 14 c2
Event: 3.723 Thread 0x0000012a4693db90 DEOPT PACKING pc=0x0000012a5a45d48c sp=0x000000030ccfdcd0
Event: 3.723 Thread 0x0000012a4693db90 DEOPT UNPACKING pc=0x0000012a59e84402 sp=0x000000030ccfdc40 mode 2
Event: 7.341 Thread 0x0000012a4693db90 Uncommon trap: trap_request=0xffffffde fr.pc=0x0000012a5a47f44c relative=0x00000000000010cc
Event: 7.341 Thread 0x0000012a4693db90 Uncommon trap: reason=class_check action=maybe_recompile pc=0x0000012a5a47f44c method=java.util.concurrent.ConcurrentHashMap.putVal(Ljava/lang/Object;Ljava/lang/Object;Z)Ljava/lang/Object; @ 242 c2
Event: 7.341 Thread 0x0000012a4693db90 DEOPT PACKING pc=0x0000012a5a47f44c sp=0x000000030ccfe7b0
Event: 7.341 Thread 0x0000012a4693db90 DEOPT UNPACKING pc=0x0000012a59e84402 sp=0x000000030ccfe750 mode 2
Event: 7.347 Thread 0x0000012a4595a800 Uncommon trap: trap_request=0xffffff45 fr.pc=0x0000012a5a47c9e8 relative=0x0000000000000aa8
Event: 7.347 Thread 0x0000012a4595a800 Uncommon trap: reason=unstable_if action=reinterpret pc=0x0000012a5a47c9e8 method=java.io.BufferedReader.implReadLine(Z[Z)Ljava/lang/String; @ 14 c2
Event: 7.347 Thread 0x0000012a4595a800 DEOPT PACKING pc=0x0000012a5a47c9e8 sp=0x000000030c4ff240
Event: 7.347 Thread 0x0000012a4595a800 DEOPT UNPACKING pc=0x0000012a59e84402 sp=0x000000030c4ff210 mode 2
Event: 7.416 Thread 0x0000012a4693db90 Uncommon trap: trap_request=0xffffff45 fr.pc=0x0000012a5a409060 relative=0x00000000000000c0
Event: 7.416 Thread 0x0000012a4693db90 Uncommon trap: reason=unstable_if action=reinterpret pc=0x0000012a5a409060 method=jdk.internal.misc.Unsafe.convEndian(ZI)I @ 4 c2
Event: 7.416 Thread 0x0000012a4693db90 DEOPT PACKING pc=0x0000012a5a409060 sp=0x000000030ccfe570
Event: 7.416 Thread 0x0000012a4693db90 DEOPT UNPACKING pc=0x0000012a59e84402 sp=0x000000030ccfe408 mode 2

Classes loaded (20 events):
Event: 7.400 Loading class java/util/stream/Streams$ConcatSpliterator done
Event: 7.400 Loading class java/util/stream/Streams$ConcatSpliterator$OfRef done
Event: 7.400 Loading class java/util/stream/StreamSpliterators$WrappingSpliterator
Event: 7.400 Loading class java/util/stream/StreamSpliterators$AbstractWrappingSpliterator
Event: 7.400 Loading class java/util/stream/StreamSpliterators$AbstractWrappingSpliterator done
Event: 7.400 Loading class java/util/stream/StreamSpliterators$WrappingSpliterator done
Event: 7.401 Loading class java/util/stream/Streams$2
Event: 7.401 Loading class java/util/stream/Streams$2 done
Event: 7.401 Loading class java/util/stream/StreamSpliterators
Event: 7.401 Loading class java/util/stream/StreamSpliterators done
Event: 7.411 Loading class java/lang/reflect/Executable$ParameterData
Event: 7.411 Loading class java/lang/reflect/Executable$ParameterData done
Event: 7.414 Loading class sun/security/provider/MD5
Event: 7.414 Loading class sun/security/provider/MD5 done
Event: 7.416 Loading class java/util/stream/SortedOps$SizedRefSortingSink
Event: 7.416 Loading class java/util/stream/SortedOps$SizedRefSortingSink done
Event: 7.416 Loading class sun/security/provider/ByteArrayAccess$LE
Event: 7.416 Loading class sun/security/provider/ByteArrayAccess$LE done
Event: 7.466 Loading class java/util/AbstractList$ListItr
Event: 7.466 Loading class java/util/AbstractList$ListItr done

Classes unloaded (0 events):
No events

Classes redefined (0 events):
No events

Internal exceptions (20 events):
Event: 6.816 Thread 0x0000012a4693db90 Exception <a 'java/lang/NoSuchMethodError'{0x000000008485b628}: 'java.lang.Object java.lang.invoke.DirectMethodHandle$Holder.invokeSpecialIFC(java.lang.Object, java.lang.Object, java.lang.Object)'> (0x000000008485b628) 
thrown [s\src\hotspot\share\interpreter\linkResolver.cpp, line 796]
Event: 6.859 Thread 0x0000012a4693db90 Exception <a 'java/lang/NoSuchMethodError'{0x00000000845cf260}: 'void java.lang.invoke.DirectMethodHandle$Holder.invokeInterface(java.lang.Object, java.lang.Object)'> (0x00000000845cf260) 
thrown [s\src\hotspot\share\interpreter\linkResolver.cpp, line 796]
Event: 6.859 Thread 0x0000012a4693db90 Exception <a 'java/lang/IncompatibleClassChangeError'{0x00000000845d2528}: Found class java.lang.Object, but interface was expected> (0x00000000845d2528) 
thrown [s\src\hotspot\share\interpreter\linkResolver.cpp, line 863]
Event: 7.166 Thread 0x0000012a4693db90 Exception <a 'java/lang/IncompatibleClassChangeError'{0x00000000844559c0}: Found class java.lang.Object, but interface was expected> (0x00000000844559c0) 
thrown [s\src\hotspot\share\interpreter\linkResolver.cpp, line 863]
Event: 7.167 Thread 0x0000012a4693db90 Exception <a 'java/lang/IncompatibleClassChangeError'{0x00000000844585b0}: Found class java.lang.Object, but interface was expected> (0x00000000844585b0) 
thrown [s\src\hotspot\share\interpreter\linkResolver.cpp, line 863]
Event: 7.168 Thread 0x0000012a4693db90 Exception <a 'java/lang/IncompatibleClassChangeError'{0x000000008445af20}: Found class java.lang.Object, but interface was expected> (0x000000008445af20) 
thrown [s\src\hotspot\share\interpreter\linkResolver.cpp, line 863]
Event: 7.168 Thread 0x0000012a4693db90 Exception <a 'java/lang/IncompatibleClassChangeError'{0x000000008445de70}: Found class java.lang.Object, but interface was expected> (0x000000008445de70) 
thrown [s\src\hotspot\share\interpreter\linkResolver.cpp, line 863]
Event: 7.169 Thread 0x0000012a4693db90 Exception <a 'java/lang/IncompatibleClassChangeError'{0x0000000084460898}: Found class java.lang.Object, but interface was expected> (0x0000000084460898) 
thrown [s\src\hotspot\share\interpreter\linkResolver.cpp, line 863]
Event: 7.169 Thread 0x0000012a4693db90 Exception <a 'java/lang/IncompatibleClassChangeError'{0x0000000084463238}: Found class java.lang.Object, but interface was expected> (0x0000000084463238) 
thrown [s\src\hotspot\share\interpreter\linkResolver.cpp, line 863]
Event: 7.170 Thread 0x0000012a4693db90 Exception <a 'java/lang/IncompatibleClassChangeError'{0x0000000084465c00}: Found class java.lang.Object, but interface was expected> (0x0000000084465c00) 
thrown [s\src\hotspot\share\interpreter\linkResolver.cpp, line 863]
Event: 7.170 Thread 0x0000012a4693db90 Exception <a 'sun/nio/fs/WindowsException'{0x00000000844684c0}> (0x00000000844684c0) 
thrown [s\src\hotspot\share\prims\jni.cpp, line 520]
Event: 7.330 Thread 0x0000012a4693db90 Exception <a 'java/lang/IncompatibleClassChangeError'{0x00000000842fd820}: Found class java.lang.Object, but interface was expected> (0x00000000842fd820) 
thrown [s\src\hotspot\share\interpreter\linkResolver.cpp, line 863]
Event: 7.342 Thread 0x0000012a4693db90 Exception <a 'java/lang/NoSuchMethodError'{0x000000008412da80}: 'long java.lang.invoke.DelegatingMethodHandle$Holder.reinvoke_L(java.lang.Object, java.lang.Object)'> (0x000000008412da80) 
thrown [s\src\hotspot\share\interpreter\linkResolver.cpp, line 796]
Event: 7.344 Thread 0x0000012a4693db90 Exception <a 'java/lang/NoSuchMethodError'{0x00000000841377c0}: 'void java.lang.invoke.DelegatingMethodHandle$Holder.reinvoke_L(java.lang.Object, java.lang.Object, long)'> (0x00000000841377c0) 
thrown [s\src\hotspot\share\interpreter\linkResolver.cpp, line 796]
Event: 7.345 Thread 0x0000012a4693db90 Exception <a 'java/lang/NoSuchMethodError'{0x000000008413dfe0}: 'long java.lang.invoke.Invokers$Holder.invokeExact_MT(java.lang.Object, java.lang.Object, java.lang.Object)'> (0x000000008413dfe0) 
thrown [s\src\hotspot\share\interpreter\linkResolver.cpp, line 796]
Event: 7.423 Thread 0x0000012a4693db90 Exception <a 'java/lang/IncompatibleClassChangeError'{0x00000000840f1ca0}: Found class java.lang.Object, but interface was expected> (0x00000000840f1ca0) 
thrown [s\src\hotspot\share\interpreter\linkResolver.cpp, line 863]
Event: 7.423 Thread 0x0000012a4693db90 Exception <a 'java/lang/IncompatibleClassChangeError'{0x00000000840f45f0}: Found class java.lang.Object, but interface was expected> (0x00000000840f45f0) 
thrown [s\src\hotspot\share\interpreter\linkResolver.cpp, line 863]
Event: 7.424 Thread 0x0000012a4693db90 Exception <a 'java/lang/IncompatibleClassChangeError'{0x00000000840f6f18}: Found class java.lang.Object, but interface was expected> (0x00000000840f6f18) 
thrown [s\src\hotspot\share\interpreter\linkResolver.cpp, line 863]
Event: 7.424 Thread 0x0000012a4693db90 Exception <a 'java/lang/IncompatibleClassChangeError'{0x00000000840f9868}: Found class java.lang.Object, but interface was expected> (0x00000000840f9868) 
thrown [s\src\hotspot\share\interpreter\linkResolver.cpp, line 863]
Event: 7.425 Thread 0x0000012a4693db90 Exception <a 'java/lang/IncompatibleClassChangeError'{0x0000000083f05558}: Found class java.lang.Object, but interface was expected> (0x0000000083f05558) 
thrown [s\src\hotspot\share\interpreter\linkResolver.cpp, line 863]

VM Operations (20 events):
Event: 1.334 Executing VM operation: HandshakeAllThreads (Deoptimize)
Event: 1.335 Executing VM operation: HandshakeAllThreads (Deoptimize) done
Event: 1.341 Executing VM operation: HandshakeAllThreads (Deoptimize)
Event: 1.341 Executing VM operation: HandshakeAllThreads (Deoptimize) done
Event: 1.493 Executing VM operation: HandshakeAllThreads (Deoptimize)
Event: 1.493 Executing VM operation: HandshakeAllThreads (Deoptimize) done
Event: 1.706 Executing VM operation: HandshakeAllThreads (Deoptimize)
Event: 1.706 Executing VM operation: HandshakeAllThreads (Deoptimize) done
Event: 1.928 Executing VM operation: HandshakeAllThreads (Deoptimize)
Event: 1.928 Executing VM operation: HandshakeAllThreads (Deoptimize) done
Event: 2.093 Executing VM operation: CollectForMetadataAllocation (Metadata GC Threshold)
Event: 2.101 Executing VM operation: CollectForMetadataAllocation (Metadata GC Threshold) done
Event: 2.107 Executing VM operation: G1PauseRemark
Event: 2.109 Executing VM operation: G1PauseRemark done
Event: 2.112 Executing VM operation: G1PauseCleanup
Event: 2.119 Executing VM operation: G1PauseCleanup done
Event: 6.789 Executing VM operation: HandshakeAllThreads (Deoptimize)
Event: 6.789 Executing VM operation: HandshakeAllThreads (Deoptimize) done
Event: 7.212 Executing VM operation: HandshakeAllThreads (Deoptimize)
Event: 7.212 Executing VM operation: HandshakeAllThreads (Deoptimize) done

Memory protections (0 events):
No events

Nmethod flushes (0 events):
No events

Events (20 events):
Event: 0.241 Thread 0x0000012a45029d80 Thread added: 0x0000012a45246cf0
Event: 0.349 Thread 0x0000012a4c6eb6b0 Thread added: 0x0000012a4595a800
Event: 1.174 Thread 0x0000012a4c6eb6b0 Thread added: 0x0000012a4693db90
Event: 1.814 Thread 0x0000012a45246cf0 Thread exited: 0x0000012a45246cf0
Event: 1.882 Thread 0x0000012a4527ab50 Thread exited: 0x0000012a4527ab50
Event: 1.966 Thread 0x0000012a45029d80 Thread added: 0x0000012a471ccc40
Event: 1.978 Thread 0x0000012a45029d80 Thread added: 0x0000012a46e85510
Event: 3.499 Thread 0x0000012a46e85510 Thread exited: 0x0000012a46e85510
Event: 3.499 Thread 0x0000012a471ccc40 Thread exited: 0x0000012a471ccc40
Event: 3.583 Thread 0x0000012a4693db90 Thread added: 0x0000012a4693fc60
Event: 3.634 Thread 0x0000012a4693db90 Thread added: 0x0000012a4693ef40
Event: 3.658 Thread 0x0000012a4693db90 Thread added: 0x0000012a4693e220
Event: 3.659 Thread 0x0000012a4693db90 Thread added: 0x0000012a4693e8b0
Event: 3.659 Thread 0x0000012a4693db90 Thread added: 0x0000012a4693f5d0
Event: 3.724 Thread 0x0000012a45029d80 Thread added: 0x0000012a470738a0
Event: 3.758 Thread 0x0000012a4693db90 Thread added: 0x0000012a469402f0
Event: 3.814 Thread 0x0000012a4693ef40 Thread added: 0x0000012a470bada0
Event: 6.788 Thread 0x0000012a470738a0 Thread exited: 0x0000012a470738a0
Event: 6.867 Thread 0x0000012a4693ef40 Thread added: 0x0000012a470bb430
Event: 7.375 Thread 0x0000012a45029d80 Thread added: 0x0000012a47850020


Dynamic libraries:
0x00007ff79eba0000 - 0x00007ff79ebae000 	C:\Users\subra\.p2\pool\plugins\org.eclipse.justj.openjdk.hotspot.jre.full.win32.x86_64_23.0.1.v20241024-1700\jre\bin\javaw.exe
0x00007ffb2d400000 - 0x00007ffb2d667000 	C:\WINDOWS\SYSTEM32\ntdll.dll
0x00007ffb2be30000 - 0x00007ffb2bef9000 	C:\WINDOWS\System32\KERNEL32.DLL
0x00007ffb2aac0000 - 0x00007ffb2aeb0000 	C:\WINDOWS\System32\KERNELBASE.dll
0x00007ffb2aec0000 - 0x00007ffb2b00b000 	C:\WINDOWS\System32\ucrtbase.dll
0x00007ffb16be0000 - 0x00007ffb16bf7000 	C:\Users\subra\.p2\pool\plugins\org.eclipse.justj.openjdk.hotspot.jre.full.win32.x86_64_23.0.1.v20241024-1700\jre\bin\jli.dll
0x00007ffb16bc0000 - 0x00007ffb16bde000 	C:\Users\subra\.p2\pool\plugins\org.eclipse.justj.openjdk.hotspot.jre.full.win32.x86_64_23.0.1.v20241024-1700\jre\bin\VCRUNTIME140.dll
0x00007ffb2d1f0000 - 0x00007ffb2d3b5000 	C:\WINDOWS\System32\USER32.dll
0x00007ffb145f0000 - 0x00007ffb1488a000 	C:\WINDOWS\WinSxS\amd64_microsoft.windows.common-controls_6595b64144ccf1df_6.0.26100.4768_none_3e0c112ce331287c\COMCTL32.dll
0x00007ffb2a770000 - 0x00007ffb2a797000 	C:\WINDOWS\System32\win32u.dll
0x00007ffb2b2e0000 - 0x00007ffb2b389000 	C:\WINDOWS\System32\msvcrt.dll
0x00007ffb2b390000 - 0x00007ffb2b3bb000 	C:\WINDOWS\System32\GDI32.dll
0x00007ffb2a840000 - 0x00007ffb2a978000 	C:\WINDOWS\System32\gdi32full.dll
0x00007ffb2a980000 - 0x00007ffb2aa23000 	C:\WINDOWS\System32\msvcp_win.dll
0x00007ffb2c910000 - 0x00007ffb2c93f000 	C:\WINDOWS\System32\IMM32.DLL
0x00007ffb22dc0000 - 0x00007ffb22dcc000 	C:\Users\subra\.p2\pool\plugins\org.eclipse.justj.openjdk.hotspot.jre.full.win32.x86_64_23.0.1.v20241024-1700\jre\bin\vcruntime140_1.dll
0x00007ffb0b560000 - 0x00007ffb0b5ed000 	C:\Users\subra\.p2\pool\plugins\org.eclipse.justj.openjdk.hotspot.jre.full.win32.x86_64_23.0.1.v20241024-1700\jre\bin\msvcp140.dll
0x00007ffa58d90000 - 0x00007ffa59b5d000 	C:\Users\subra\.p2\pool\plugins\org.eclipse.justj.openjdk.hotspot.jre.full.win32.x86_64_23.0.1.v20241024-1700\jre\bin\server\jvm.dll
0x00007ffb2c950000 - 0x00007ffb2ca04000 	C:\WINDOWS\System32\ADVAPI32.dll
0x00007ffb2c4c0000 - 0x00007ffb2c566000 	C:\WINDOWS\System32\sechost.dll
0x00007ffb2b1c0000 - 0x00007ffb2b2d8000 	C:\WINDOWS\System32\RPCRT4.dll
0x00007ffb2c440000 - 0x00007ffb2c4b4000 	C:\WINDOWS\System32\WS2_32.dll
0x00007ffb2a390000 - 0x00007ffb2a3ee000 	C:\WINDOWS\SYSTEM32\POWRPROF.dll
0x00007ffb161b0000 - 0x00007ffb161e5000 	C:\WINDOWS\SYSTEM32\WINMM.dll
0x00007ffb24400000 - 0x00007ffb2440b000 	C:\WINDOWS\SYSTEM32\VERSION.dll
0x00007ffb2a370000 - 0x00007ffb2a384000 	C:\WINDOWS\SYSTEM32\UMPDC.dll
0x00007ffb29290000 - 0x00007ffb292ab000 	C:\WINDOWS\SYSTEM32\kernel.appcore.dll
0x00007ffb257d0000 - 0x00007ffb257da000 	C:\Users\subra\.p2\pool\plugins\org.eclipse.justj.openjdk.hotspot.jre.full.win32.x86_64_23.0.1.v20241024-1700\jre\bin\jimage.dll
0x00007ffb148a0000 - 0x00007ffb14ae1000 	C:\WINDOWS\SYSTEM32\DBGHELP.DLL
0x00007ffb2c0a0000 - 0x00007ffb2c425000 	C:\WINDOWS\System32\combase.dll
0x00007ffb2b8a0000 - 0x00007ffb2b980000 	C:\WINDOWS\System32\OLEAUT32.dll
0x00007ffb05370000 - 0x00007ffb053b3000 	C:\WINDOWS\SYSTEM32\dbgcore.DLL
0x00007ffb2a7a0000 - 0x00007ffb2a839000 	C:\WINDOWS\System32\bcryptPrimitives.dll
0x00007ffb179d0000 - 0x00007ffb179ee000 	C:\Users\subra\.p2\pool\plugins\org.eclipse.justj.openjdk.hotspot.jre.full.win32.x86_64_23.0.1.v20241024-1700\jre\bin\java.dll
0x00007ffb2c5d0000 - 0x00007ffb2c770000 	C:\WINDOWS\System32\ole32.dll
0x00007ffb2caa0000 - 0x00007ffb2d1ed000 	C:\WINDOWS\System32\SHELL32.dll
0x00007ffb2a530000 - 0x00007ffb2a6a3000 	C:\WINDOWS\System32\wintypes.dll
0x00007ffb280f0000 - 0x00007ffb28950000 	C:\WINDOWS\SYSTEM32\windows.storage.dll
0x00007ffb2bfa0000 - 0x00007ffb2c095000 	C:\WINDOWS\System32\SHCORE.dll
0x00007ffb2b640000 - 0x00007ffb2b6aa000 	C:\WINDOWS\System32\shlwapi.dll
0x00007ffb2a450000 - 0x00007ffb2a479000 	C:\WINDOWS\SYSTEM32\profapi.dll
0x00007ffb17400000 - 0x00007ffb17417000 	C:\Users\subra\.p2\pool\plugins\org.eclipse.justj.openjdk.hotspot.jre.full.win32.x86_64_23.0.1.v20241024-1700\jre\bin\zip.dll
0x00007ffb247a0000 - 0x00007ffb247b0000 	C:\Users\subra\.p2\pool\plugins\org.eclipse.justj.openjdk.hotspot.jre.full.win32.x86_64_23.0.1.v20241024-1700\jre\bin\net.dll
0x00007ffb29840000 - 0x00007ffb298ab000 	C:\WINDOWS\system32\mswsock.dll
0x00007ffb172a0000 - 0x00007ffb172b6000 	C:\Users\subra\.p2\pool\plugins\org.eclipse.justj.openjdk.hotspot.jre.full.win32.x86_64_23.0.1.v20241024-1700\jre\bin\nio.dll
0x00007ffb28d00000 - 0x00007ffb28e26000 	C:\WINDOWS\SYSTEM32\DNSAPI.dll
0x00007ffb28c60000 - 0x00007ffb28c93000 	C:\WINDOWS\SYSTEM32\IPHLPAPI.DLL
0x00007ffb2b3c0000 - 0x00007ffb2b3ca000 	C:\WINDOWS\System32\NSI.dll
0x00007ffb1dbf0000 - 0x00007ffb1dbfb000 	C:\Windows\System32\rasadhlp.dll
0x00007ffb210e0000 - 0x00007ffb21166000 	C:\WINDOWS\System32\fwpuclnt.dll
0x00007ffb17980000 - 0x00007ffb17989000 	C:\Users\subra\.p2\pool\plugins\org.eclipse.justj.openjdk.hotspot.jre.full.win32.x86_64_23.0.1.v20241024-1700\jre\bin\extnet.dll
0x00007ffb29b00000 - 0x00007ffb29b1b000 	C:\WINDOWS\SYSTEM32\CRYPTSP.dll
0x00007ffb291f0000 - 0x00007ffb2922b000 	C:\WINDOWS\system32\rsaenh.dll
0x00007ffb298e0000 - 0x00007ffb2990b000 	C:\WINDOWS\SYSTEM32\USERENV.dll
0x00007ffb2a420000 - 0x00007ffb2a446000 	C:\WINDOWS\SYSTEM32\bcrypt.dll
0x00007ffb29b20000 - 0x00007ffb29b2c000 	C:\WINDOWS\SYSTEM32\CRYPTBASE.dll
0x00007ffb243e0000 - 0x00007ffb243f0000 	C:\Users\subra\.p2\pool\plugins\org.eclipse.justj.openjdk.hotspot.jre.full.win32.x86_64_23.0.1.v20241024-1700\jre\bin\verify.dll
0x00007ffb22ec0000 - 0x00007ffb22ece000 	C:\Users\subra\.p2\pool\plugins\org.eclipse.justj.openjdk.hotspot.jre.full.win32.x86_64_23.0.1.v20241024-1700\jre\bin\sunmscapi.dll
0x00007ffb2b010000 - 0x00007ffb2b187000 	C:\WINDOWS\System32\CRYPT32.dll
0x00007ffb29d20000 - 0x00007ffb29d50000 	C:\WINDOWS\SYSTEM32\ncrypt.dll
0x00007ffb29cd0000 - 0x00007ffb29d0f000 	C:\WINDOWS\SYSTEM32\NTASN1.dll
0x00007ffb01940000 - 0x00007ffb01948000 	C:\WINDOWS\system32\wshunix.dll
0x00007ffb112a0000 - 0x00007ffb112b8000 	C:\WINDOWS\system32\napinsp.dll
0x00007ffb10d80000 - 0x00007ffb10d92000 	C:\WINDOWS\System32\winrnr.dll
0x00007ffb0fb50000 - 0x00007ffb0fb80000 	C:\WINDOWS\system32\nlansp_c.dll
0x00007ffb0fb20000 - 0x00007ffb0fb40000 	C:\WINDOWS\system32\wshbth.dll
0x00007ffb16d80000 - 0x00007ffb16d8a000 	C:\Users\subra\.p2\pool\plugins\org.eclipse.justj.openjdk.hotspot.jre.full.win32.x86_64_23.0.1.v20241024-1700\jre\bin\management.dll
0x00007ffb16c40000 - 0x00007ffb16c4b000 	C:\Users\subra\.p2\pool\plugins\org.eclipse.justj.openjdk.hotspot.jre.full.win32.x86_64_23.0.1.v20241024-1700\jre\bin\management_ext.dll
0x00007ffb2c430000 - 0x00007ffb2c438000 	C:\WINDOWS\System32\PSAPI.DLL

dbghelp: loaded successfully - version: 4.0.5 - missing functions: none
symbol engine: initialized successfully - sym options: 0x614 - pdb path: .;C:\Users\subra\.p2\pool\plugins\org.eclipse.justj.openjdk.hotspot.jre.full.win32.x86_64_23.0.1.v20241024-1700\jre\bin;C:\WINDOWS\SYSTEM32;C:\WINDOWS\WinSxS\amd64_microsoft.windows.common-controls_6595b64144ccf1df_6.0.26100.4768_none_3e0c112ce331287c;C:\Users\subra\.p2\pool\plugins\org.eclipse.justj.openjdk.hotspot.jre.full.win32.x86_64_23.0.1.v20241024-1700\jre\bin\server

VM Arguments:
jvm_args: -ea -Dfile.encoding=UTF-8 -Dstdout.encoding=UTF-8 -Dstderr.encoding=UTF-8 -XX:+ShowCodeDetailsInExceptionMessages 
java_command: org.testng.remote.RemoteTestNG -serport 63040 -protocol json -d C:\submit\Framework\test-output C:\submit\Framework\testng.xml
java_class_path (initial): C:\Program Files\eclipse\configuration\org.eclipse.osgi\1013\0\.cp\lib\testng-remote.jar;C:\submit\Framework\target\test-classes;C:\submit\Framework\target\classes;C:\Users\subra\.p2\pool\plugins\org.testng_7.4.0.r202105021533.jar;C:\Users\subra\.p2\pool\plugins\com.beust.jcommander_1.78.0.jar;C:\Users\subra\.p2\pool\plugins\org.apache-extras.beanshell.bsh_2.0.0.b6.jar;C:\Users\subra\.p2\pool\plugins\org.yaml.snakeyaml_1.21.0.jar;C:\Users\subra\.p2\pool\plugins\org.webjars.jquery_3.5.1.jar;C:\Users\subra\.m2\repository\org\seleniumhq\selenium\selenium-java\4.23.0\selenium-java-4.23.0.jar;C:\Users\subra\.m2\repository\org\seleniumhq\selenium\selenium-api\4.23.0\selenium-api-4.23.0.jar;C:\Users\subra\.m2\repository\org\seleniumhq\selenium\selenium-chrome-driver\4.23.0\selenium-chrome-driver-4.23.0.jar;C:\Users\subra\.m2\repository\com\google\auto\service\auto-service-annotations\1.1.1\auto-service-annotations-1.1.1.jar;C:\Users\subra\.m2\repository\org\seleniumhq\selenium\selenium-chromium-driver\4.23.0\selenium-chromium-driver-4.23.0.jar;C:\Users\subra\.m2\repository\org\seleniumhq\selenium\selenium-json\4.23.0\selenium-json-4.23.0.jar;C:\Users\subra\.m2\repository\org\seleniumhq\selenium\selenium-manager\4.23.0\selenium-manager-4.23.0.jar;C:\Users\subra\.m2\repository\org\seleniumhq\selenium\selenium-devtools-v125\4.23.0\selenium-devtools-v125-4.23.0.jar;C:\Users\subra\.m2\repository\org\seleniumhq\selenium\selenium-devtools-v126\4.23.0\selenium-devtools-v126-4.23.0.jar;C:\Users\subra\.m2\repository\org\seleniumhq\selenium\selenium-devtools-v127\4.23.0\selenium-devtools-v127-4.23.0.jar;C:\Users\subra\.m2\repository\org\seleniumhq\selenium\selenium-devtools-v85\4.23.0\selenium-devtools-v85-4.23.0.jar;C:\Users\subra\.m2\repository\org\seleniumhq\selenium\selenium-edge-driver\4.23.0\selenium-edge-driver-4.23.0.jar;C:\Users\subra\.m2\repository\org\seleniumhq\selenium\selenium-firefox-driver\4.23.0\selenium-firefox-driver-4.23.0.jar;C:\Users\subra\.m2\repository\org\seleniumhq\selenium\selenium-http\4.23.0\selenium-http-4.23.0.jar;C:\Users\subra\.m2\repository\dev\failsafe\failsafe\3.3.2\failsafe-3.3.2.jar;C:\Users\subra\.m2\repository\org\seleniumhq\selenium\selenium-ie-driver\4.23.0\selenium-ie-driver-4.23.0.jar;C:\Users\subra\.m2\repository\org\seleniumhq\selenium\selenium-remote-driver\4.23.0\selenium-remote-driver-4.23.0.jar;C:\Users\subra\.m2\repository\com\google\guava\guava\33.2.1-jre\guava-33.2.1-jre.jar;C:\Users\subra\.m2\repository\com\google\guava\failureaccess\1.0.2\failureaccess-1.0.2.jar;C:\Users\subra\.m2\repository\com\google\guava\listenablefuture\9999.0-empty-to-avoid-conflict-with-guava\listenablefuture-9999.0-empty-to-avoid-conflict-with-guava.jar;C:\Users\subra\.m2\repository\com\google\code\findbugs\jsr305\3.0.2\jsr305-3.0.2.jar;C:\Users\subra\.m2\repository\org\checkerframework\checker-qual\3.42.0\checker-qual-3.42.0.jar;C:\Users\subra\.m2\repository\com\google\j2objc\j2objc-annotations\3.0.0\j2objc-annotations-3.0.0.jar;C:\Users\subra\.m2\repository\io\opentelemetry\semconv\opentelemetry-semconv\1.25.0-alpha\opentelemetry-semconv-1.25.0-alpha.jar;C:\Users\subra\.m2\repository\io\opentelemetry\opentelemetry-api\1.40.0\opentelemetry-api-1.40.0.jar;C:\Users\subra\.m2\repository\io\opentelemetry\opentelemetry-context\1.40.0\opentelemetry-context-1.40.0.jar;C:\Users\subra\.m2\repository\io\opentelemetry\opentelemetry-exporter-logging\1.40.0\opentelemetry-exporter-logging-1.40.0.jar;C:\Users\subra\.m2\repository\io\opentelemetry\opentelemetry-sdk-common\1.40.0\opentelemetry-sdk-common-1.40.0.jar;C:\Users\subra\.m2\repository\io\opentelemetry\opentelemetry-sdk-extension-autoconfigure-spi\1.40.0\opentelemetry-sdk-extension-autoconfigure-spi-1.40.0.jar;C:\Users\subra\.m2\repository\io\opentelemetry\opentelemetry-sdk-extension-autoconfigure\1.40.0\opentelemetry-sdk-extension-autoconfigure-1.40.0.jar;C:\Users\subra\.m2\repository\io\opentelemetry\opentelemetry-api-incubator\1.40.0-alpha\opentelemetry-api-incubator-1.40.0-alpha.jar;C:\Users\subra\.m2\repository\io\opentelemetry\opentelemetry-sdk-trace\1.40.0\opentelemetry-sdk-trace-1.40.0.jar;C:\Users\subra\.m2\repository\io\opentelemetry\opentelemetry-sdk\1.40.0\opentelemetry-sdk-1.40.0.jar;C:\Users\subra\.m2\repository\io\opentelemetry\opentelemetry-sdk-metrics\1.40.0\opentelemetry-sdk-metrics-1.40.0.jar;C:\Users\subra\.m2\repository\io\opentelemetry\opentelemetry-sdk-logs\1.40.0\opentelemetry-sdk-logs-1.40.0.jar;C:\Users\subra\.m2\repository\net\bytebuddy\byte-buddy\1.14.18\byte-buddy-1.14.18.jar;C:\Users\subra\.m2\repository\org\seleniumhq\selenium\selenium-os\4.23.0\selenium-os-4.23.0.jar;C:\Users\subra\.m2\repository\org\apache\commons\commons-exec\1.4.0\commons-exec-1.4.0.jar;C:\Users\subra\.m2\repository\org\seleniumhq\selenium\selenium-safari-driver\4.23.0\selenium-safari-driver-4.23.0.jar;C:\Users\subra\.m2\repository\org\seleniumhq\selenium\selenium-support\4.23.0\selenium-support-4.23.0.jar;C:\Users\subra\.m2\repository\org\testng\testng\7.10.2\testng-7.10.2.jar;C:\Users\subra\.m2\repository\org\slf4j\slf4j-api\1.7.36\slf4j-api-1.7.36.jar;C:\Users\subra\.m2\repository\com\beust\jcommander\1.82\jcommander-1.82.jar;C:\Users\subra\.m2\repository\org\webjars\jquery\3.7.1\jquery-3.7.1.jar;C:\Users\subra\.m2\repository\io\github\bonigarcia\webdrivermanager\5.9.2\webdrivermanager-5.9.2.jar;C:\Users\subra\.m2\repository\com\google\code\gson\gson\2.11.0\gson-2.11.0.jar;C:\Users\subra\.m2\repository\com\google\errorprone\error_prone_annotations\2.27.0\error_prone_annotations-2.27.0.jar;C:\Users\subra\.m2\repository\com\github\docker-java\docker-java\3.4.0\docker-java-3.4.0.jar;C:\Users\subra\.m2\repository\com\github\docker-java\docker-java-core\3.4.0\docker-java-core-3.4.0.jar;C:\Users\subra\.m2\repository\com\github\docker-java\docker-java-api\3.4.0\docker-java-api-3.4.0.jar;C:\Users\subra\.m2\repository\com\fasterxml\jackson\core\jackson-annotations\2.10.3\jackson-annotations-2.10.3.jar;C:\Users\subra\.m2\repository\com\fasterxml\jackson\core\jackson-databind\2.10.3\jackson-databind-2.10.3.jar;C:\Users\subra\.m2\repository\com\fasterxml\jackson\core\jackson-core\2.10.3\jackson-core-2.10.3.jar;C:\Users\subra\.m2\repository\org\slf4j\jcl-over-slf4j\1.7.30\jcl-over-slf4j-1.7.30.jar;C:\Users\subra\.m2\repository\com\github\docker-java\docker-java-transport-httpclient5\3.4.0\docker-java-transport-httpclient5-3.4.0.jar;C:\Users\subra\.m2\repository\com\github\docker-java\docker-java-transport\3.4.0\docker-java-transport-3.4.0.jar;C:\Users\subra\.m2\repository\net\java\dev\jna\jna\5.13.0\jna-5.13.0.jar;C:\Users\subra\.m2\repository\org\brotli\dec\0.1.2\dec-0.1.2.jar;C:\Users\subra\.m2\repository\org\apache\commons\commons-lang3\3.15.0\commons-lang3-3.15.0.jar;C:\Users\subra\.m2\repository\org\apache\commons\commons-compress\1.26.2\commons-compress-1.26.2.jar;C:\Users\subra\.m2\repository\commons-codec\commons-codec\1.17.0\commons-codec-1.17.0.jar;C:\Users\subra\.m2\repository\commons-io\commons-io\2.16.1\commons-io-2.16.1.jar;C:\Users\subra\.m2\repository\org\apache\httpcomponents\client5\httpclient5\5.2.1\httpclient5-5.2.1.jar;C:\Users\subra\.m2\repository\org\apache\httpcomponents\core5\httpcore5\5.2\httpcore5-5.2.jar;C:\Users\subra\.m2\repository\org\apache\httpcomponents\core5\httpcore5-h2\5.2\httpcore5-h2-5.2.jar;C:\Users\subra\.m2\repository\io\qameta\allure\allure-testng\2.29.0\allure-testng-2.29.0.jar;C:\Users\subra\.m2\repository\io\qameta\allure\allure-java-commons\2.29.0\allure-java-commons-2.29.0.jar;C:\Users\subra\.m2\repository\io\qameta\allure\allure-model\2.29.0\allure-model-2.29.0.jar;C:\Users\subra\.m2\repository\io\qameta\allure\allure-test-filter\2.29.0\allure-test-filter-2.29.0.jar;C:\Users\subra\.m2\repository\com\aventstack\extentreports\5.0.9\extentreports-5.0.9.jar;C:\Users\subra\.m2\repository\io\reactivex\rxjava3\rxjava\3.0.4\rxjava-3.0.4.jar;C:\Users\subra\.m2\repository\org\reactivestreams\reactive-streams\1.0.3\reactive-streams-1.0.3.jar;C:\Users\subra\.m2\repository\org\freemarker\freemarker\2.3.30\freemarker-2.3.30.jar;C:\Users\subra\.m2\repository\org\projectlombok\lombok\1.18.12\lombok-1.18.12.jar
Launcher Type: SUN_STANDARD

[Global flags]
     intx CICompilerCount                          = 4                                         {product} {ergonomic}
     uint ConcGCThreads                            = 2                                         {product} {ergonomic}
     uint G1ConcRefinementThreads                  = 8                                         {product} {ergonomic}
   size_t G1HeapRegionSize                         = 1048576                                   {product} {ergonomic}
   size_t InitialHeapSize                          = 132120576                                 {product} {ergonomic}
   size_t MarkStackSize                            = 4194304                                   {product} {ergonomic}
   size_t MarkStackSizeMax                         = 536870912                                 {product} {ergonomic}
   size_t MaxHeapSize                              = 2107637760                                {product} {ergonomic}
   size_t MaxNewSize                               = 1264582656                                {product} {ergonomic}
   size_t MinHeapDeltaBytes                        = 1048576                                   {product} {ergonomic}
   size_t MinHeapSize                              = 8388608                                   {product} {ergonomic}
    uintx NonNMethodCodeHeapSize                   = 5832704                                {pd product} {ergonomic}
    uintx NonProfiledCodeHeapSize                  = 122945536                              {pd product} {ergonomic}
    uintx ProfiledCodeHeapSize                     = 122880000                              {pd product} {ergonomic}
    uintx ReservedCodeCacheSize                    = 251658240                              {pd product} {ergonomic}
     bool SegmentedCodeCache                       = true                                      {product} {ergonomic}
     bool ShowCodeDetailsInExceptionMessages       = true                                   {manageable} {command line}
   size_t SoftMaxHeapSize                          = 2107637760                             {manageable} {ergonomic}
     bool UseCompressedOops                        = true                           {product lp64_product} {ergonomic}
     bool UseG1GC                                  = true                                      {product} {ergonomic}
     bool UseLargePagesIndividualAllocation        = false                                  {pd product} {ergonomic}

Logging:
Log output configuration:
 #0: stdout all=warning uptime,level,tags foldmultilines=false
 #1: stderr all=off uptime,level,tags foldmultilines=false

Environment Variables:
JAVA_HOME=C:\Program Files\OpenLogic\jdk-17.0.13.11-hotspot\
PATH=C:/Users/subra/.p2/pool/plugins/org.eclipse.justj.openjdk.hotspot.jre.full.win32.x86_64_23.0.1.v20241024-1700/jre/bin/server;C:/Users/subra/.p2/pool/plugins/org.eclipse.justj.openjdk.hotspot.jre.full.win32.x86_64_23.0.1.v20241024-1700/jre/bin;C:\Program Files (x86)\VMware\VMware Workstation\bin\;C:\Program Files\OpenLogic\jdk-17.0.13.11-hotspot\bin;C:\Program Files\Common Files\Oracle\Java\javapath;C:\Python312\Scripts\;C:\Python312\;C:\WINDOWS\system32;C:\WINDOWS;C:\WINDOWS\System32\Wbem;C:\WINDOWS\System32\WindowsPowerShell\v1.0\;C:\WINDOWS\System32\OpenSSH\;C:\Program Files\dotnet\;H:\;C:\ProgramData\chocolatey\bin;C:\Users\subra\AppData\Local\Android\Sdk;C:\Users\subra\AppData\Local\Android\Sdk\platform-tools;C:\Users\subra\AppData\Local\Android\Sdk\emulator;C:\Program Files\Java\jdk-17;C:\Program Files\Java\jdk-17\bin;C:\Program Files\OpenLogic\jdk-17.0.13.11-hotspot;C:\Program Files\apache-maven-3.9.9\bin;C:\Program Files\Git\cmd;C:\Program Files\nodejs;C:\Program Files\Docker\Docker\resources\bin;C:\allure-2.34.1\bin;C:\Users\subra\AppData\Local\Microsoft\WindowsApps;C:\Users\subra\AppData\Roaming\npm;C:\Users\subra\AppData\Local\Android\Sdk\platform-tools;C:\Users\subra\AppData\Local\Android\Sdk;C:\Users\subra\AppData\Local\Android\Sdk\emulator;C:\Program Files\OpenLogic\jdk-17.0.13.11-hotspot\;C:\allure-2.34.1\bin;;C:\Users\subra\OneDrive\Desktop;
USERNAME=SUBRATA
OS=Windows_NT
PROCESSOR_IDENTIFIER=Intel64 Family 6 Model 158 Stepping 10, GenuineIntel
TMP=C:\Users\subra\AppData\Local\Temp
TEMP=C:\Users\subra\AppData\Local\Temp




Periodic native trim disabled

---------------  S Y S T E M  ---------------

OS:
 Windows 11 , 64 bit Build 26100 (10.0.26100.4768)
OS uptime: 1 days 20:27 hours
Hyper-V role detected

CPU: total 8 (initial active 8) (4 cores per cpu, 2 threads per core) family 6 model 158 stepping 10 microcode 0xde, cx8, cmov, fxsr, ht, mmx, 3dnowpref, sse, sse2, sse3, ssse3, sse4.1, sse4.2, popcnt, lzcnt, tsc, tscinvbit, avx, avx2, aes, erms, clmul, bmi1, bmi2, adx, fma, vzeroupper, clflush, clflushopt, hv, rdtscp, f16c
Processor Information for the first 8 processors :
  Max Mhz: 2301, Current Mhz: 2301, Mhz Limit: 2301

Memory: 4k page, system-wide physical 8039M (1239M free)
TotalPageFile size 21990M (AvailPageFile size 245M)
current process WorkingSet (physical memory assigned to process): 156M, peak: 168M
current process commit charge ("private bytes"): 202M, peak: 261M

vm_info: OpenJDK 64-Bit Server VM (23.0.1+11) for windows-amd64 JRE (23.0.1+11), built on 2024-10-15T00:00:00Z with MS VC++ 17.7 (VS2022)

END.
